TN:
SF:app.js
FN:9,(anonymous_0)
FNF:1
FNH:1
FNDA:1,(anonymous_0)
DA:1,1
DA:2,1
DA:3,1
DA:4,1
DA:6,1
DA:7,1
DA:9,1
DA:11,1
DA:12,1
DA:14,1
DA:16,1
LF:11
LH:11
BRDA:7,0,0,1
BRDA:7,0,1,1
BRF:2
BRH:2
end_of_record
TN:
SF:ussd.js
FN:20,(anonymous_0)
FN:88,(anonymous_1)
FN:315,(anonymous_2)
FN:376,(anonymous_3)
FN:400,(anonymous_4)
FN:429,(anonymous_5)
FN:522,(anonymous_6)
FN:525,(anonymous_7)
FN:555,(anonymous_8)
FN:581,(anonymous_9)
FN:606,(anonymous_10)
FN:641,(anonymous_11)
FN:680,(anonymous_12)
FN:715,(anonymous_13)
FN:719,(anonymous_14)
FN:746,(anonymous_15)
FN:771,(anonymous_16)
FN:823,(anonymous_17)
FN:866,(anonymous_18)
FN:1057,(anonymous_19)
FN:1101,(anonymous_20)
FN:1347,(anonymous_21)
FN:1428,createRecipient
FN:1445,(anonymous_23)
FN:1450,(anonymous_24)
FN:1511,(anonymous_25)
FN:1534,(anonymous_26)
FN:1541,(anonymous_27)
FN:1547,createRecipientBank
FN:1563,(anonymous_29)
FN:1567,(anonymous_30)
FN:1604,(anonymous_31)
FN:1617,(anonymous_32)
FN:1624,(anonymous_33)
FN:1630,initiateTransferBank
FN:1634,(anonymous_35)
FN:1651,(anonymous_36)
FN:1658,(anonymous_37)
FN:1665,cashout
FN:1692,(anonymous_39)
FN:1711,(anonymous_40)
FN:1718,(anonymous_41)
FN:1731,(anonymous_42)
FN:1734,(anonymous_43)
FN:1753,(anonymous_44)
FN:1768,(anonymous_45)
FN:1775,transfer
FN:1812,(anonymous_47)
FN:1829,(anonymous_48)
FN:1833,(anonymous_49)
FN:1865,(anonymous_50)
FN:1881,(anonymous_51)
FN:1885,(anonymous_52)
FN:1892,isRegistered
FN:1898,(anonymous_54)
FN:1903,(anonymous_55)
FN:1913,autoResgistration
FN:1919,(anonymous_57)
FN:1924,(anonymous_58)
FN:1934,initiateTransfer
FN:1971,(anonymous_60)
FN:1986,(anonymous_61)
FN:1993,(anonymous_62)
FN:2000,checkLoanBalance
FN:2005,(anonymous_64)
FN:2013,(anonymous_65)
FN:2020,changeUserPIN
FN:2024,(anonymous_67)
FN:2030,(anonymous_68)
FN:2037,fetchLoanAndPay
FN:2059,(anonymous_70)
FN:2063,(anonymous_71)
FN:2073,cashin
FN:2100,(anonymous_73)
FN:2116,(anonymous_74)
FN:2120,(anonymous_75)
FN:2133,(anonymous_76)
FN:2136,(anonymous_77)
FN:2155,(anonymous_78)
FN:2170,(anonymous_79)
FN:2174,(anonymous_80)
FN:2181,checkUserBalance
FN:2187,(anonymous_82)
FN:2192,(anonymous_83)
FN:2220,agentToAgentPreauth
FN:2241,(anonymous_85)
FN:2247,(anonymous_86)
FN:2256,agentToAgentTrans
FN:2279,(anonymous_88)
FN:2285,(anonymous_89)
FNF:90
FNH:51
FNDA:111,(anonymous_0)
FNDA:0,(anonymous_1)
FNDA:9,(anonymous_2)
FNDA:0,(anonymous_3)
FNDA:0,(anonymous_4)
FNDA:0,(anonymous_5)
FNDA:2,(anonymous_6)
FNDA:0,(anonymous_7)
FNDA:0,(anonymous_8)
FNDA:0,(anonymous_9)
FNDA:0,(anonymous_10)
FNDA:0,(anonymous_11)
FNDA:0,(anonymous_12)
FNDA:1,(anonymous_13)
FNDA:0,(anonymous_14)
FNDA:0,(anonymous_15)
FNDA:0,(anonymous_16)
FNDA:0,(anonymous_17)
FNDA:0,(anonymous_18)
FNDA:0,(anonymous_19)
FNDA:0,(anonymous_20)
FNDA:2,(anonymous_21)
FNDA:2,createRecipient
FNDA:1,(anonymous_23)
FNDA:1,(anonymous_24)
FNDA:1,(anonymous_25)
FNDA:0,(anonymous_26)
FNDA:1,(anonymous_27)
FNDA:7,createRecipientBank
FNDA:5,(anonymous_29)
FNDA:2,(anonymous_30)
FNDA:5,(anonymous_31)
FNDA:4,(anonymous_32)
FNDA:2,(anonymous_33)
FNDA:10,initiateTransferBank
FNDA:0,(anonymous_35)
FNDA:0,(anonymous_36)
FNDA:10,(anonymous_37)
FNDA:4,cashout
FNDA:2,(anonymous_39)
FNDA:0,(anonymous_40)
FNDA:0,(anonymous_41)
FNDA:2,(anonymous_42)
FNDA:0,(anonymous_43)
FNDA:2,(anonymous_44)
FNDA:0,(anonymous_45)
FNDA:2,transfer
FNDA:1,(anonymous_47)
FNDA:0,(anonymous_48)
FNDA:0,(anonymous_49)
FNDA:1,(anonymous_50)
FNDA:0,(anonymous_51)
FNDA:0,(anonymous_52)
FNDA:112,isRegistered
FNDA:103,(anonymous_54)
FNDA:9,(anonymous_55)
FNDA:0,autoResgistration
FNDA:0,(anonymous_57)
FNDA:0,(anonymous_58)
FNDA:1,initiateTransfer
FNDA:1,(anonymous_60)
FNDA:0,(anonymous_61)
FNDA:0,(anonymous_62)
FNDA:5,checkLoanBalance
FNDA:4,(anonymous_64)
FNDA:1,(anonymous_65)
FNDA:4,changeUserPIN
FNDA:0,(anonymous_67)
FNDA:4,(anonymous_68)
FNDA:3,fetchLoanAndPay
FNDA:2,(anonymous_70)
FNDA:1,(anonymous_71)
FNDA:6,cashin
FNDA:2,(anonymous_73)
FNDA:0,(anonymous_74)
FNDA:0,(anonymous_75)
FNDA:3,(anonymous_76)
FNDA:0,(anonymous_77)
FNDA:3,(anonymous_78)
FNDA:0,(anonymous_79)
FNDA:0,(anonymous_80)
FNDA:112,checkUserBalance
FNDA:103,(anonymous_82)
FNDA:9,(anonymous_83)
FNDA:2,agentToAgentPreauth
FNDA:1,(anonymous_85)
FNDA:1,(anonymous_86)
FNDA:2,agentToAgentTrans
FNDA:1,(anonymous_88)
FNDA:1,(anonymous_89)
DA:1,1
DA:2,1
DA:3,1
DA:4,1
DA:5,1
DA:7,1
DA:16,1
DA:17,1
DA:18,1
DA:20,1
DA:22,111
DA:24,111
DA:25,111
DA:26,111
DA:28,111
DA:31,111
DA:33,111
DA:34,111
DA:35,111
DA:36,111
DA:38,111
DA:40,111
DA:41,1
DA:49,110
DA:50,0
DA:51,0
DA:52,110
DA:53,1
DA:54,0
DA:56,1
DA:58,109
DA:59,3
DA:61,3
DA:62,0
DA:63,0
DA:64,0
DA:66,0
DA:69,3
DA:71,106
DA:72,2
DA:79,104
DA:81,2
DA:82,2
DA:89,0
DA:92,0
DA:95,2
DA:96,102
DA:101,3
DA:102,3
DA:103,3
DA:104,2
DA:117,1
DA:119,99
DA:125,1
DA:126,1
DA:127,1
DA:129,1
DA:130,1
DA:143,0
DA:145,98
DA:151,1
DA:152,1
DA:154,1
DA:155,1
DA:168,0
DA:170,97
DA:176,1
DA:177,1
DA:179,1
DA:180,1
DA:195,0
DA:197,96
DA:202,0
DA:204,0
DA:205,96
DA:213,7
DA:214,7
DA:216,7
DA:219,1
DA:220,1
DA:221,1
DA:223,1
DA:230,1
DA:231,1
DA:234,1
DA:235,1
DA:236,1
DA:238,1
DA:245,1
DA:246,1
DA:249,1
DA:250,1
DA:251,1
DA:253,1
DA:260,1
DA:261,1
DA:264,3
DA:265,3
DA:266,3
DA:267,3
DA:274,3
DA:275,3
DA:278,1
DA:281,7
DA:282,7
DA:283,3
DA:285,4
DA:289,89
DA:295,3
DA:297,3
DA:298,86
DA:303,2
DA:304,84
DA:307,9
DA:308,9
DA:309,9
DA:316,9
DA:317,9
DA:320,9
DA:321,9
DA:327,3
DA:330,9
DA:337,9
DA:339,9
DA:341,9
DA:347,9
DA:348,9
DA:350,9
DA:357,9
DA:358,0
DA:360,9
DA:366,75
DA:368,1
DA:369,1
DA:377,0
DA:379,1
DA:381,0
DA:383,74
DA:384,1
DA:386,1
DA:388,1
DA:401,0
DA:404,1
DA:405,1
DA:407,0
DA:410,0
DA:412,73
DA:413,3
DA:415,3
DA:417,3
DA:430,0
DA:433,3
DA:434,1
DA:441,2
DA:444,0
DA:446,70
DA:451,1
DA:452,69
DA:457,1
DA:458,68
DA:459,2
DA:460,2
DA:461,1
DA:463,1
DA:466,0
DA:468,66
DA:469,2
DA:470,2
DA:476,2
DA:477,2
DA:478,2
DA:479,2
DA:480,2
DA:482,2
DA:485,2
DA:486,2
DA:492,2
DA:493,2
DA:494,2
DA:495,2
DA:496,2
DA:497,2
DA:499,2
DA:511,0
DA:514,2
DA:515,2
DA:516,2
DA:523,2
DA:526,0
DA:529,2
DA:532,2
DA:533,2
DA:535,0
DA:538,0
DA:545,64
DA:546,1
DA:548,1
DA:556,0
DA:557,0
DA:560,1
DA:561,0
DA:563,1
DA:565,63
DA:566,2
DA:567,2
DA:569,2
DA:582,0
DA:585,2
DA:586,1
DA:588,1
DA:590,61
DA:591,2
DA:592,2
DA:594,2
DA:607,0
DA:610,2
DA:611,1
DA:616,1
DA:618,59
DA:623,1
DA:624,58
DA:629,1
DA:630,57
DA:631,1
DA:633,1
DA:634,1
DA:642,0
DA:643,0
DA:646,1
DA:647,1
DA:648,1
DA:650,0
DA:653,1
DA:665,1
DA:666,1
DA:668,0
DA:670,56
DA:671,1
DA:672,1
DA:673,1
DA:681,0
DA:682,0
DA:685,1
DA:686,1
DA:687,1
DA:688,1
DA:689,1
DA:690,1
DA:692,0
DA:696,1
DA:708,1
DA:709,1
DA:716,1
DA:720,0
DA:721,0
DA:724,1
DA:725,1
DA:727,1
DA:728,0
DA:730,1
DA:737,55
DA:739,1
DA:747,0
DA:748,0
DA:750,1
DA:751,54
DA:756,1
DA:757,1
DA:759,1
DA:772,0
DA:773,0
DA:776,1
DA:777,1
DA:781,0
DA:783,53
DA:789,1
DA:791,1
DA:792,1
DA:794,0
DA:796,52
DA:802,0
DA:803,52
DA:808,1
DA:809,1
DA:811,1
DA:824,0
DA:827,1
DA:828,1
DA:832,0
DA:834,51
DA:840,0
DA:841,51
DA:847,1
DA:848,1
DA:850,0
DA:852,50
DA:857,1
DA:859,1
DA:867,0
DA:870,1
DA:871,1
DA:872,1
DA:873,1
DA:875,1
DA:882,1
DA:884,1
DA:886,1
DA:894,1
DA:896,1
DA:897,0
DA:899,1
DA:904,49
DA:905,1
DA:907,48
DA:912,1
DA:913,1
DA:915,47
DA:920,2
DA:921,2
DA:922,1
DA:926,1
DA:928,45
DA:933,1
DA:934,1
DA:937,44
DA:942,1
DA:943,1
DA:945,43
DA:950,1
DA:951,1
DA:953,42
DA:958,2
DA:959,1
DA:961,1
DA:963,40
DA:968,2
DA:969,1
DA:972,1
DA:974,38
DA:979,2
DA:980,2
DA:981,2
DA:982,1
DA:986,1
DA:988,36
DA:993,1
DA:994,1
DA:1000,35
DA:1001,1
DA:1002,34
DA:1003,2
DA:1004,1
DA:1006,1
DA:1008,32
DA:1009,2
DA:1010,1
DA:1012,1
DA:1017,30
DA:1019,1
DA:1021,1
DA:1022,1
DA:1023,1
DA:1026,0
DA:1028,29
DA:1029,1
DA:1030,1
DA:1032,0
DA:1034,28
DA:1035,2
DA:1037,2
DA:1039,2
DA:1040,1
DA:1043,1
DA:1048,26
DA:1050,1
DA:1058,0
DA:1060,1
DA:1061,25
DA:1062,1
DA:1063,1
DA:1065,0
DA:1067,24
DA:1068,1
DA:1069,23
DA:1070,3
DA:1071,3
DA:1072,3
DA:1073,3
DA:1075,3
DA:1077,3
DA:1079,3
DA:1081,3
DA:1082,0
DA:1084,3
DA:1092,20
DA:1094,3
DA:1095,3
DA:1102,0
DA:1105,0
DA:1108,3
DA:1109,17
DA:1114,2
DA:1115,2
DA:1116,2
DA:1117,2
DA:1130,0
DA:1132,15
DA:1138,1
DA:1139,1
DA:1141,1
DA:1142,1
DA:1155,0
DA:1157,14
DA:1163,1
DA:1164,1
DA:1166,1
DA:1167,1
DA:1180,0
DA:1182,13
DA:1188,1
DA:1189,1
DA:1191,1
DA:1192,1
DA:1207,0
DA:1209,12
DA:1214,2
DA:1216,2
DA:1217,10
DA:1223,2
DA:1224,2
DA:1225,8
DA:1233,2
DA:1234,2
DA:1235,2
DA:1236,2
DA:1237,2
DA:1240,2
DA:1243,0
DA:1244,0
DA:1245,0
DA:1247,0
DA:1256,0
DA:1257,0
DA:1260,0
DA:1261,0
DA:1262,0
DA:1264,0
DA:1273,0
DA:1274,0
DA:1277,0
DA:1278,0
DA:1279,0
DA:1281,0
DA:1290,0
DA:1291,0
DA:1294,1
DA:1295,1
DA:1296,1
DA:1298,1
DA:1307,1
DA:1308,1
DA:1311,1
DA:1314,0
DA:1317,2
DA:1318,2
DA:1320,0
DA:1324,6
DA:1329,0
DA:1330,6
DA:1337,2
DA:1339,2
DA:1340,2
DA:1341,2
DA:1348,2
DA:1349,2
DA:1352,2
DA:1353,2
DA:1383,0
DA:1386,2
DA:1387,2
DA:1388,2
DA:1389,2
DA:1390,0
DA:1391,0
DA:1392,0
DA:1393,0
DA:1395,0
DA:1397,0
DA:1398,0
DA:1411,0
DA:1414,0
DA:1416,0
DA:1422,109
DA:1424,109
DA:1438,2
DA:1439,2
DA:1446,1
DA:1447,1
DA:1451,1
DA:1477,2
DA:1479,0
DA:1482,2
DA:1497,2
DA:1500,2
DA:1501,2
DA:1502,2
DA:1504,2
DA:1512,1
DA:1513,1
DA:1514,1
DA:1515,1
DA:1535,0
DA:1538,1
DA:1542,1
DA:1544,2
DA:1556,7
DA:1557,7
DA:1564,5
DA:1568,2
DA:1583,0
DA:1587,7
DA:1597,7
DA:1599,7
DA:1600,7
DA:1602,7
DA:1605,5
DA:1606,5
DA:1607,5
DA:1608,5
DA:1618,4
DA:1621,0
DA:1625,2
DA:1627,7
DA:1631,10
DA:1632,10
DA:1635,0
DA:1636,0
DA:1637,0
DA:1638,0
DA:1652,0
DA:1655,0
DA:1659,10
DA:1662,10
DA:1676,4
DA:1677,4
DA:1678,2
DA:1686,2
DA:1689,2
DA:1690,2
DA:1693,2
DA:1694,2
DA:1695,2
DA:1696,2
DA:1712,0
DA:1715,2
DA:1719,0
DA:1721,2
DA:1722,2
DA:1725,2
DA:1732,2
DA:1735,0
DA:1738,2
DA:1741,2
DA:1750,2
DA:1751,2
DA:1754,2
DA:1755,2
DA:1756,2
DA:1769,0
DA:1771,2
DA:1786,2
DA:1787,2
DA:1797,1
DA:1806,1
DA:1809,1
DA:1810,1
DA:1813,1
DA:1814,1
DA:1815,1
DA:1830,0
DA:1834,0
DA:1836,1
DA:1837,1
DA:1850,1
DA:1860,1
DA:1862,1
DA:1863,1
DA:1866,1
DA:1867,1
DA:1868,1
DA:1882,0
DA:1886,0
DA:1888,1
DA:1893,112
DA:1894,112
DA:1895,112
DA:1896,112
DA:1899,103
DA:1900,103
DA:1904,9
DA:1907,112
DA:1909,0
DA:1914,0
DA:1915,0
DA:1916,0
DA:1917,0
DA:1920,0
DA:1921,0
DA:1925,0
DA:1928,0
DA:1930,0
DA:1945,1
DA:1959,1
DA:1962,1
DA:1963,1
DA:1964,1
DA:1972,1
DA:1973,1
DA:1974,1
DA:1975,1
DA:1987,0
DA:1990,0
DA:1994,0
DA:1997,1
DA:2001,5
DA:2002,5
DA:2003,5
DA:2006,4
DA:2007,4
DA:2008,4
DA:2009,4
DA:2010,4
DA:2014,1
DA:2017,5
DA:2021,4
DA:2022,4
DA:2025,0
DA:2026,0
DA:2027,0
DA:2031,4
DA:2034,4
DA:2038,3
DA:2039,3
DA:2040,3
DA:2041,3
DA:2043,0
DA:2046,3
DA:2049,3
DA:2050,3
DA:2055,3
DA:2056,3
DA:2057,3
DA:2060,2
DA:2061,2
DA:2064,1
DA:2067,0
DA:2070,3
DA:2085,6
DA:2086,3
DA:2094,2
DA:2097,2
DA:2098,2
DA:2101,2
DA:2102,2
DA:2103,2
DA:2117,0
DA:2121,0
DA:2123,2
DA:2124,3
DA:2127,3
DA:2134,3
DA:2137,0
DA:2140,3
DA:2143,3
DA:2152,3
DA:2153,3
DA:2156,3
DA:2157,3
DA:2158,3
DA:2171,0
DA:2175,0
DA:2177,3
DA:2182,112
DA:2183,112
DA:2184,112
DA:2185,112
DA:2188,103
DA:2189,103
DA:2190,103
DA:2193,9
DA:2195,112
DA:2197,0
DA:2221,2
DA:2222,2
DA:2223,2
DA:2233,2
DA:2234,2
DA:2242,1
DA:2243,1
DA:2244,1
DA:2245,1
DA:2248,1
DA:2250,2
DA:2252,0
DA:2257,2
DA:2258,2
DA:2259,2
DA:2270,2
DA:2271,2
DA:2272,2
DA:2280,1
DA:2281,1
DA:2282,1
DA:2283,1
DA:2286,1
DA:2288,2
DA:2290,0
DA:2294,1
LF:718
LH:576
BRDA:40,0,0,1
BRDA:40,0,1,110
BRDA:40,1,0,111
BRDA:40,1,1,1
BRDA:49,2,0,0
BRDA:49,2,1,110
BRDA:49,3,0,110
BRDA:49,3,1,0
BRDA:52,4,0,1
BRDA:52,4,1,109
BRDA:52,5,0,110
BRDA:52,5,1,9
BRDA:53,6,0,0
BRDA:53,6,1,1
BRDA:53,7,0,1
BRDA:53,7,1,1
BRDA:58,8,0,3
BRDA:58,8,1,106
BRDA:58,9,0,109
BRDA:58,9,1,8
BRDA:61,10,0,0
BRDA:61,10,1,3
BRDA:63,11,0,0
BRDA:63,11,1,0
BRDA:71,12,0,2
BRDA:71,12,1,104
BRDA:79,13,0,2
BRDA:79,13,1,102
BRDA:96,14,0,3
BRDA:96,14,1,99
BRDA:97,15,0,102
BRDA:97,15,1,49
BRDA:97,15,2,19
BRDA:103,16,0,2
BRDA:103,16,1,1
BRDA:103,17,0,3
BRDA:103,17,1,3
BRDA:119,18,0,1
BRDA:119,18,1,98
BRDA:120,19,0,99
BRDA:120,19,1,46
BRDA:120,19,2,16
BRDA:120,19,3,3
BRDA:129,20,0,1
BRDA:129,20,1,0
BRDA:129,21,0,1
BRDA:129,21,1,1
BRDA:145,22,0,1
BRDA:145,22,1,97
BRDA:146,23,0,98
BRDA:146,23,1,45
BRDA:146,23,2,15
BRDA:146,23,3,5
BRDA:154,24,0,1
BRDA:154,24,1,0
BRDA:154,25,0,1
BRDA:154,25,1,1
BRDA:170,26,0,1
BRDA:170,26,1,96
BRDA:171,27,0,97
BRDA:171,27,1,44
BRDA:171,27,2,14
BRDA:171,27,3,3
BRDA:179,28,0,1
BRDA:179,28,1,0
BRDA:179,29,0,1
BRDA:179,29,1,1
BRDA:197,30,0,0
BRDA:197,30,1,96
BRDA:198,31,0,96
BRDA:198,31,1,43
BRDA:198,31,2,13
BRDA:205,32,0,7
BRDA:205,32,1,89
BRDA:206,33,0,96
BRDA:206,33,1,43
BRDA:206,33,2,13
BRDA:206,33,3,7
BRDA:216,34,0,1
BRDA:216,34,1,1
BRDA:216,34,2,1
BRDA:216,34,3,3
BRDA:216,34,4,1
BRDA:282,35,0,3
BRDA:282,35,1,4
BRDA:282,36,0,7
BRDA:282,36,1,3
BRDA:289,37,0,3
BRDA:289,37,1,86
BRDA:290,38,0,89
BRDA:290,38,1,36
BRDA:290,38,2,6
BRDA:290,38,3,4
BRDA:298,39,0,2
BRDA:298,39,1,84
BRDA:299,40,0,86
BRDA:299,40,1,33
BRDA:299,40,2,3
BRDA:304,41,0,9
BRDA:304,41,1,75
BRDA:304,42,0,84
BRDA:304,42,1,31
BRDA:339,43,0,9
BRDA:339,43,1,0
BRDA:357,44,0,0
BRDA:357,44,1,9
BRDA:366,45,0,1
BRDA:366,45,1,74
BRDA:366,46,0,75
BRDA:366,46,1,11
BRDA:383,47,0,1
BRDA:383,47,1,73
BRDA:383,48,0,74
BRDA:383,48,1,10
BRDA:404,49,0,1
BRDA:404,49,1,0
BRDA:404,50,0,1
BRDA:404,50,1,1
BRDA:412,51,0,3
BRDA:412,51,1,70
BRDA:412,52,0,73
BRDA:412,52,1,9
BRDA:433,53,0,1
BRDA:433,53,1,2
BRDA:433,54,0,3
BRDA:433,54,1,2
BRDA:446,55,0,1
BRDA:446,55,1,69
BRDA:447,56,0,70
BRDA:447,56,1,6
BRDA:447,56,2,5
BRDA:452,57,0,1
BRDA:452,57,1,68
BRDA:453,58,0,69
BRDA:453,58,1,5
BRDA:453,58,2,1
BRDA:458,59,0,2
BRDA:458,59,1,66
BRDA:458,60,0,68
BRDA:458,60,1,4
BRDA:460,61,0,1
BRDA:460,61,1,1
BRDA:460,62,0,2
BRDA:460,62,1,2
BRDA:468,63,0,2
BRDA:468,63,1,64
BRDA:468,64,0,66
BRDA:468,64,1,2
BRDA:532,65,0,2
BRDA:532,65,1,0
BRDA:545,66,0,1
BRDA:545,66,1,63
BRDA:545,67,0,64
BRDA:545,67,1,10
BRDA:560,68,0,0
BRDA:560,68,1,1
BRDA:565,69,0,2
BRDA:565,69,1,61
BRDA:565,70,0,63
BRDA:565,70,1,9
BRDA:585,71,0,1
BRDA:585,71,1,1
BRDA:585,72,0,2
BRDA:585,72,1,2
BRDA:590,73,0,2
BRDA:590,73,1,59
BRDA:590,74,0,61
BRDA:590,74,1,7
BRDA:610,75,0,1
BRDA:610,75,1,1
BRDA:610,76,0,2
BRDA:610,76,1,2
BRDA:618,77,0,1
BRDA:618,77,1,58
BRDA:619,78,0,59
BRDA:619,78,1,5
BRDA:619,78,2,3
BRDA:624,79,0,1
BRDA:624,79,1,57
BRDA:625,80,0,58
BRDA:625,80,1,4
BRDA:625,80,2,1
BRDA:630,81,0,1
BRDA:630,81,1,56
BRDA:630,82,0,57
BRDA:630,82,1,3
BRDA:665,83,0,1
BRDA:665,83,1,0
BRDA:665,84,0,1
BRDA:665,84,1,1
BRDA:670,85,0,1
BRDA:670,85,1,55
BRDA:670,86,0,56
BRDA:670,86,1,2
BRDA:727,87,0,0
BRDA:727,87,1,1
BRDA:737,88,0,1
BRDA:737,88,1,54
BRDA:751,89,0,1
BRDA:751,89,1,53
BRDA:752,90,0,54
BRDA:752,90,1,21
BRDA:752,90,2,5
BRDA:776,91,0,1
BRDA:776,91,1,0
BRDA:776,92,0,1
BRDA:776,92,1,1
BRDA:783,93,0,1
BRDA:783,93,1,52
BRDA:784,94,0,53
BRDA:784,94,1,20
BRDA:784,94,2,4
BRDA:784,94,3,4
BRDA:791,95,0,1
BRDA:791,95,1,0
BRDA:791,96,0,1
BRDA:791,96,1,1
BRDA:796,97,0,0
BRDA:796,97,1,52
BRDA:797,98,0,52
BRDA:797,98,1,19
BRDA:797,98,2,3
BRDA:797,98,3,0
BRDA:803,99,0,1
BRDA:803,99,1,51
BRDA:804,100,0,52
BRDA:804,100,1,19
BRDA:804,100,2,3
BRDA:827,101,0,1
BRDA:827,101,1,0
BRDA:827,102,0,1
BRDA:827,102,1,1
BRDA:834,103,0,0
BRDA:834,103,1,51
BRDA:835,104,0,51
BRDA:835,104,1,18
BRDA:835,104,2,2
BRDA:835,104,3,0
BRDA:841,105,0,1
BRDA:841,105,1,50
BRDA:842,106,0,51
BRDA:842,106,1,18
BRDA:842,106,2,2
BRDA:842,106,3,2
BRDA:847,107,0,1
BRDA:847,107,1,0
BRDA:847,108,0,1
BRDA:847,108,1,1
BRDA:852,109,0,1
BRDA:852,109,1,49
BRDA:853,110,0,50
BRDA:853,110,1,17
BRDA:853,110,2,1
BRDA:896,111,0,0
BRDA:896,111,1,1
BRDA:904,112,0,1
BRDA:904,112,1,48
BRDA:904,113,0,49
BRDA:904,113,1,14
BRDA:907,114,0,1
BRDA:907,114,1,47
BRDA:908,115,0,48
BRDA:908,115,1,13
BRDA:908,115,2,5
BRDA:912,116,0,1
BRDA:912,116,1,0
BRDA:912,117,0,1
BRDA:912,117,1,1
BRDA:915,118,0,2
BRDA:915,118,1,45
BRDA:916,119,0,47
BRDA:916,119,1,12
BRDA:916,119,2,4
BRDA:921,120,0,1
BRDA:921,120,1,1
BRDA:921,121,0,2
BRDA:921,121,1,2
BRDA:928,122,0,1
BRDA:928,122,1,44
BRDA:929,123,0,45
BRDA:929,123,1,10
BRDA:929,123,2,1
BRDA:933,124,0,1
BRDA:933,124,1,0
BRDA:933,125,0,1
BRDA:933,125,1,1
BRDA:937,126,0,1
BRDA:937,126,1,43
BRDA:938,127,0,44
BRDA:938,127,1,9
BRDA:938,127,2,1
BRDA:942,128,0,1
BRDA:942,128,1,0
BRDA:942,129,0,1
BRDA:942,129,1,1
BRDA:945,130,0,1
BRDA:945,130,1,42
BRDA:946,131,0,43
BRDA:946,131,1,8
BRDA:946,131,2,8
BRDA:950,132,0,1
BRDA:950,132,1,0
BRDA:950,133,0,1
BRDA:950,133,1,1
BRDA:953,134,0,2
BRDA:953,134,1,40
BRDA:954,135,0,42
BRDA:954,135,1,7
BRDA:954,135,2,7
BRDA:958,136,0,1
BRDA:958,136,1,1
BRDA:958,137,0,2
BRDA:958,137,1,2
BRDA:963,138,0,2
BRDA:963,138,1,38
BRDA:964,139,0,40
BRDA:964,139,1,5
BRDA:964,139,2,5
BRDA:968,140,0,1
BRDA:968,140,1,1
BRDA:968,141,0,2
BRDA:968,141,1,2
BRDA:974,142,0,2
BRDA:974,142,1,36
BRDA:975,143,0,38
BRDA:975,143,1,3
BRDA:975,143,2,3
BRDA:981,144,0,1
BRDA:981,144,1,1
BRDA:981,145,0,2
BRDA:981,145,1,2
BRDA:988,146,0,1
BRDA:988,146,1,35
BRDA:989,147,0,36
BRDA:989,147,1,1
BRDA:989,147,2,1
BRDA:993,148,0,1
BRDA:993,148,1,0
BRDA:993,149,0,1
BRDA:993,149,1,1
BRDA:1000,150,0,1
BRDA:1000,150,1,34
BRDA:1000,151,0,35
BRDA:1000,151,1,5
BRDA:1002,152,0,2
BRDA:1002,152,1,32
BRDA:1002,153,0,34
BRDA:1002,153,1,4
BRDA:1003,154,0,1
BRDA:1003,154,1,1
BRDA:1003,155,0,2
BRDA:1003,155,1,2
BRDA:1008,156,0,2
BRDA:1008,156,1,30
BRDA:1008,157,0,32
BRDA:1008,157,1,2
BRDA:1009,158,0,1
BRDA:1009,158,1,1
BRDA:1009,159,0,2
BRDA:1009,159,1,2
BRDA:1017,160,0,1
BRDA:1017,160,1,29
BRDA:1017,161,0,30
BRDA:1017,161,1,4
BRDA:1022,162,0,1
BRDA:1022,162,1,0
BRDA:1028,163,0,1
BRDA:1028,163,1,28
BRDA:1028,164,0,29
BRDA:1028,164,1,3
BRDA:1029,165,0,1
BRDA:1029,165,1,0
BRDA:1029,166,0,1
BRDA:1029,166,1,1
BRDA:1034,167,0,2
BRDA:1034,167,1,26
BRDA:1034,168,0,28
BRDA:1034,168,1,2
BRDA:1039,169,0,1
BRDA:1039,169,1,1
BRDA:1048,170,0,1
BRDA:1048,170,1,25
BRDA:1048,171,0,26
BRDA:1048,171,1,6
BRDA:1061,172,0,1
BRDA:1061,172,1,24
BRDA:1061,173,0,25
BRDA:1061,173,1,5
BRDA:1062,174,0,1
BRDA:1062,174,1,0
BRDA:1062,175,0,1
BRDA:1062,175,1,1
BRDA:1067,176,0,1
BRDA:1067,176,1,23
BRDA:1067,177,0,24
BRDA:1067,177,1,4
BRDA:1069,178,0,3
BRDA:1069,178,1,20
BRDA:1069,179,0,23
BRDA:1069,179,1,3
BRDA:1075,180,0,3
BRDA:1075,180,1,0
BRDA:1081,181,0,0
BRDA:1081,181,1,3
BRDA:1092,182,0,3
BRDA:1092,182,1,17
BRDA:1109,183,0,2
BRDA:1109,183,1,15
BRDA:1110,184,0,17
BRDA:1110,184,1,13
BRDA:1110,184,2,13
BRDA:1116,185,0,2
BRDA:1116,185,1,0
BRDA:1116,186,0,2
BRDA:1116,186,1,2
BRDA:1132,187,0,1
BRDA:1132,187,1,14
BRDA:1133,188,0,15
BRDA:1133,188,1,11
BRDA:1133,188,2,11
BRDA:1133,188,3,3
BRDA:1141,189,0,1
BRDA:1141,189,1,0
BRDA:1141,190,0,1
BRDA:1141,190,1,1
BRDA:1157,191,0,1
BRDA:1157,191,1,13
BRDA:1158,192,0,14
BRDA:1158,192,1,10
BRDA:1158,192,2,10
BRDA:1158,192,3,2
BRDA:1166,193,0,1
BRDA:1166,193,1,0
BRDA:1166,194,0,1
BRDA:1166,194,1,1
BRDA:1182,195,0,1
BRDA:1182,195,1,12
BRDA:1183,196,0,13
BRDA:1183,196,1,9
BRDA:1183,196,2,9
BRDA:1183,196,3,1
BRDA:1191,197,0,1
BRDA:1191,197,1,0
BRDA:1191,198,0,1
BRDA:1191,198,1,1
BRDA:1209,199,0,2
BRDA:1209,199,1,10
BRDA:1210,200,0,12
BRDA:1210,200,1,8
BRDA:1210,200,2,8
BRDA:1217,201,0,2
BRDA:1217,201,1,8
BRDA:1218,202,0,10
BRDA:1218,202,1,6
BRDA:1218,202,2,6
BRDA:1218,202,3,2
BRDA:1225,203,0,2
BRDA:1225,203,1,6
BRDA:1226,204,0,8
BRDA:1226,204,1,4
BRDA:1226,204,2,4
BRDA:1226,204,3,2
BRDA:1240,205,0,0
BRDA:1240,205,1,0
BRDA:1240,205,2,0
BRDA:1240,205,3,1
BRDA:1240,205,4,1
BRDA:1317,206,0,2
BRDA:1317,206,1,0
BRDA:1317,207,0,2
BRDA:1317,207,1,2
BRDA:1324,208,0,0
BRDA:1324,208,1,6
BRDA:1325,209,0,6
BRDA:1325,209,1,2
BRDA:1325,209,2,2
BRDA:1330,210,0,2
BRDA:1330,210,1,4
BRDA:1331,211,0,6
BRDA:1331,211,1,2
BRDA:1331,211,2,2
BRDA:1331,211,3,2
BRDA:1397,212,0,0
BRDA:1397,212,1,0
BRDA:1411,213,0,0
BRDA:1411,213,1,0
BRDA:1641,214,0,0
BRDA:1641,214,1,0
BRDA:1642,215,0,0
BRDA:1642,215,1,0
BRDA:1643,216,0,0
BRDA:1643,216,1,0
BRDA:1677,217,0,2
BRDA:1677,217,1,2
BRDA:1700,218,0,2
BRDA:1700,218,1,0
BRDA:1722,219,0,2
BRDA:1722,219,1,0
BRDA:1787,220,0,1
BRDA:1787,220,1,1
BRDA:1818,221,0,1
BRDA:1818,221,1,1
BRDA:1819,222,0,1
BRDA:1819,222,1,0
BRDA:1820,223,0,1
BRDA:1820,223,1,0
BRDA:1837,224,0,1
BRDA:1837,224,1,0
BRDA:1899,225,0,103
BRDA:1899,225,1,0
BRDA:1920,226,0,0
BRDA:1920,226,1,0
BRDA:2007,227,0,4
BRDA:2007,227,1,0
BRDA:2026,228,0,0
BRDA:2026,228,1,0
BRDA:2085,229,0,3
BRDA:2085,229,1,3
BRDA:2124,230,0,3
BRDA:2124,230,1,0
BRF:520
BRH:453
end_of_record
TN:
SF:models\bankTransfers.js
FNF:0
FNH:0
DA:1,1
DA:2,1
DA:7,1
DA:38,1
LF:4
LH:4
BRF:0
BRH:0
end_of_record
TN:
SF:models\banks.js
FNF:0
FNH:0
DA:1,1
DA:2,1
DA:7,1
DA:23,1
LF:4
LH:4
BRF:0
BRH:0
end_of_record
TN:
SF:models\transaction.js
FNF:0
FNH:0
DA:1,1
DA:2,1
DA:7,1
DA:76,1
LF:4
LH:4
BRF:0
BRH:0
end_of_record
